build/app/outputs/mapping/release/mapping.txt
# compiler: R8
# compiler_version: 1.5.64
# min_api: 21
# pg_map_id: fb7a999
com.kshitizrimal.aiphpre.MainActivity -> com.kshitizrimal.aiphpre.MainActivity:
    void configureFlutterEngine(io.flutter.embedding.engine.FlutterEngine) -> a
...
io.flutter.embedding.engine.FlutterEngineCache -> io.flutter.embedding.engine.b:
    java.util.Map cachedEngines -> a
    io.flutter.embedding.engine.FlutterEngineCache instance -> b
    io.flutter.embedding.engine.FlutterEngine get(java.lang.String) -> a
    io.flutter.embedding.engine.FlutterEngineCache getInstance() -> a
    void put(java.lang.String,io.flutter.embedding.engine.FlutterEngine) -> a
    void remove(java.lang.String) -> b
io.flutter.embedding.engine.FlutterEngineConnectionRegistry -> io.flutter.embedding.engine.c:
    io.flutter.embedding.engine.FlutterEngineConnectionRegistry$FlutterEngineBroadcastReceiverPluginBinding broadcastReceiverPluginBinding -> n
    io.flutter.embedding.android.ExclusiveAppComponent exclusiveActivity -> f
    io.flutter.embedding.engine.plugins.FlutterPlugin$FlutterPluginBinding pluginBinding -> c
    java.util.Map contentProviderAwarePlugins -> o
    java.util.Map plugins -> a
    android.app.Activity activity -> e
    android.app.Service service -> j
    io.flutter.embedding.engine.FlutterEngineConnectionRegistry$FlutterEngineServicePluginBinding servicePluginBinding -> k
    io.flutter.embedding.engine.FlutterEngineConnectionRegistry$FlutterEngineContentProviderPluginBinding contentProviderPluginBinding -> q
    java.util.Map activityAwarePlugins -> d
    java.util.Map serviceAwarePlugins -> i
    io.flutter.embedding.engine.FlutterEngine flutterEngine -> b
    boolean isWaitingForActivityReattachment -> h
    java.util.Map broadcastReceiverAwarePlugins -> l
    android.content.ContentProvider contentProvider -> p
    io.flutter.embedding.engine.FlutterEngineConnectionRegistry$FlutterEngineActivityPluginBinding activityPluginBinding -> g
    android.content.BroadcastReceiver broadcastReceiver -> m
    void add(io.flutter.embedding.engine.plugins.FlutterPlugin) -> a
io.flutter.embedding.engine.FlutterEngineConnectionRegistry$1 -> io.flutter.embedding.engine.c$a:
io.flutter.embedding.engine.FlutterEngineConnectionRegistry$DefaultFlutterAssets -> io.flutter.embedding.engine.c$b:
io.flutter.embedding.engine.FlutterEngineConnectionRegistry$FlutterEngineActivityPluginBinding -> io.flutter.embedding.engine.c$c:
    java.util.Set onSaveInstanceStateListeners -> g
    java.util.Set onRequestPermissionsResultListeners -> c
    java.util.Set onActivityResultListeners -> d
    java.util.Set onNewIntentListeners -> e
    java.util.Set onUserLeaveHintListeners -> f
    io.flutter.embedding.engine.plugins.lifecycle.HiddenLifecycleReference hiddenLifecycleReference -> b
    android.app.Activity activity -> a
    void addActivityResultListener(io.flutter.plugin.common.PluginRegistry$ActivityResultListener) -> a
    void addOnNewIntentListener(io.flutter.plugin.common.PluginRegistry$NewIntentListener) -> a
    void addOnUserLeaveHintListener(io.flutter.plugin.common.PluginRegistry$UserLeaveHintListener) -> a
    void addRequestPermissionsResultListener(io.flutter.plugin.common.PluginRegistry$RequestPermissionsResultListener) -> a
    boolean onActivityResult(int,int,android.content.Intent) -> a
    void onNewIntent(android.content.Intent) -> a
    boolean onRequestPermissionsResult(int,java.lang.String[],int[]) -> a
    void onRestoreInstanceState(android.os.Bundle) -> a
    void onUserLeaveHint() -> a
    java.lang.Object getLifecycle() -> b
    void onSaveInstanceState(android.os.Bundle) -> b
    void removeActivityResultListener(io.flutter.plugin.common.PluginRegistry$ActivityResultListener) -> b
io.flutter.embedding.engine.FlutterEngineConnectionRegistry$FlutterEngineBroadcastReceiverPluginBinding -> io.flutter.embedding.engine.c$d:
io.flutter.embedding.engine.FlutterEngineConnectionRegistry$FlutterEngineContentProviderPluginBinding -> io.flutter.embedding.engine.c$e:
io.flutter.embedding.engine.FlutterEngineConnectionRegistry$FlutterEngineServicePluginBinding -> io.flutter.embedding.engine.c$f: